This file contains any messages produced by compilers while
running configure, to aid debugging if configure makes a mistake.

It was created by Zangband configure 0.3.3, which was
generated by GNU Autoconf 2.65.  Invocation command line was

  $ ./configure --no-create --no-recursion

## --------- ##
## Platform. ##
## --------- ##

hostname = localhost.localdomain
uname -m = i686
uname -r = 2.6.33.8-149.fc13.i686
uname -s = Linux
uname -v = #1 SMP Tue Aug 17 22:45:56 UTC 2010

/usr/bin/uname -p = unknown
/bin/uname -X     = unknown

/bin/arch              = i686
/usr/bin/arch -k       = unknown
/usr/convex/getsysinfo = unknown
/usr/bin/hostinfo      = unknown
/bin/machine           = unknown
/usr/bin/oslevel       = unknown
/bin/universe          = unknown

PATH: /usr/local/bin
PATH: /usr/bin
PATH: /bin
PATH: /usr/local/sbin
PATH: /usr/sbin
PATH: /sbin
PATH: /home/blubaron/RickRocket
PATH: /home/blubaron/bin
PATH: /home/blubaron/RickRocket


## ----------- ##
## Core tests. ##
## ----------- ##

configure:2437: checking for gcc
configure:2453: found /usr/bin/gcc
configure:2464: result: gcc
configure:2693: checking for C compiler version
configure:2702: gcc --version >&5
gcc (GCC) 4.4.4 20100630 (Red Hat 4.4.4-10)
Copyright (C) 2010 Free Software Foundation, Inc.
This is free software; see the source for copying conditions.  There is NO
warranty; not even for MERCHANTABILITY or FITNESS FOR A PARTICULAR PURPOSE.

configure:2713: $? = 0
configure:2702: gcc -v >&5
Using built-in specs.
Target: i686-redhat-linux
Configured with: ../configure --prefix=/usr --mandir=/usr/share/man --infodir=/usr/share/info --with-bugurl=http://bugzilla.redhat.com/bugzilla --enable-bootstrap --enable-shared --enable-threads=posix --enable-checking=release --with-system-zlib --enable-__cxa_atexit --disable-libunwind-exceptions --enable-gnu-unique-object --enable-languages=c,c++,objc,obj-c++,java,fortran,ada --enable-java-awt=gtk --disable-dssi --with-java-home=/usr/lib/jvm/java-1.5.0-gcj-1.5.0.0/jre --enable-libgcj-multifile --enable-java-maintainer-mode --with-ecj-jar=/usr/share/java/eclipse-ecj.jar --disable-libjava-multilib --with-ppl --with-cloog --with-tune=generic --with-arch=i686 --build=i686-redhat-linux
Thread model: posix
gcc version 4.4.4 20100630 (Red Hat 4.4.4-10) (GCC) 
configure:2713: $? = 0
configure:2702: gcc -V >&5
gcc: '-V' option must have argument
configure:2713: $? = 1
configure:2702: gcc -qversion >&5
gcc: unrecognized option '-qversion'
gcc: no input files
configure:2713: $? = 1
configure:2733: checking whether the C compiler works
configure:2755: gcc    conftest.c  >&5
configure:2759: $? = 0
configure:2808: result: yes
configure:2811: checking for C compiler default output file name
configure:2813: result: a.out
configure:2819: checking for suffix of executables
configure:2826: gcc -o conftest    conftest.c  >&5
configure:2830: $? = 0
configure:2852: result: 
configure:2874: checking whether we are cross compiling
configure:2882: gcc -o conftest    conftest.c  >&5
configure:2886: $? = 0
configure:2893: ./conftest
configure:2897: $? = 0
configure:2912: result: no
configure:2917: checking for suffix of object files
configure:2939: gcc -c   conftest.c >&5
configure:2943: $? = 0
configure:2964: result: o
configure:2968: checking whether we are using the GNU C compiler
configure:2987: gcc -c   conftest.c >&5
configure:2987: $? = 0
configure:2996: result: yes
configure:3005: checking whether gcc accepts -g
configure:3025: gcc -c -g  conftest.c >&5
configure:3025: $? = 0
configure:3066: result: yes
configure:3083: checking for gcc option to accept ISO C89
configure:3147: gcc  -c -g -O2  conftest.c >&5
configure:3147: $? = 0
configure:3160: result: none needed
configure:3185: checking how to run the C preprocessor
configure:3216: gcc -E  conftest.c
configure:3216: $? = 0
configure:3230: gcc -E  conftest.c
conftest.c:9:28: error: ac_nonexistent.h: No such file or directory
configure:3230: $? = 1
configure: failed program was:
| /* confdefs.h */
| #define PACKAGE_NAME "Zangband"
| #define PACKAGE_TARNAME "zangband"
| #define PACKAGE_VERSION "0.3.3"
| #define PACKAGE_STRING "Zangband 0.3.3"
| #define PACKAGE_BUGREPORT "bugs@zangband.org"
| #define PACKAGE_URL ""
| /* end confdefs.h.  */
| #include <ac_nonexistent.h>
configure:3255: result: gcc -E
configure:3275: gcc -E  conftest.c
configure:3275: $? = 0
configure:3289: gcc -E  conftest.c
conftest.c:9:28: error: ac_nonexistent.h: No such file or directory
configure:3289: $? = 1
configure: failed program was:
| /* confdefs.h */
| #define PACKAGE_NAME "Zangband"
| #define PACKAGE_TARNAME "zangband"
| #define PACKAGE_VERSION "0.3.3"
| #define PACKAGE_STRING "Zangband 0.3.3"
| #define PACKAGE_BUGREPORT "bugs@zangband.org"
| #define PACKAGE_URL ""
| /* end confdefs.h.  */
| #include <ac_nonexistent.h>
configure:3342: checking for gtk-config
configure:3372: result: no
configure:3390: checking for X
configure:3498: gcc -E  conftest.c
configure:3498: $? = 0
configure:3529: gcc -o conftest -g -O2   conftest.c -lX11  >&5
configure:3529: $? = 0
configure:3579: result: libraries , headers 
configure:3592: checking for library containing XCreateImage
configure:3623: gcc -o conftest -g -O2   conftest.c  >&5
/tmp/cc91feo9.o: In function `main':
/home/blubaron/zpa/conftest.c:20: undefined reference to `XCreateImage'
collect2: ld returned 1 exit status
configure:3623: $? = 1
configure: failed program was:
| /* confdefs.h */
| #define PACKAGE_NAME "Zangband"
| #define PACKAGE_TARNAME "zangband"
| #define PACKAGE_VERSION "0.3.3"
| #define PACKAGE_STRING "Zangband 0.3.3"
| #define PACKAGE_BUGREPORT "bugs@zangband.org"
| #define PACKAGE_URL ""
| /* end confdefs.h.  */
| 
| /* Override any GCC internal prototype to avoid an error.
|    Use char because int might match the return type of a GCC
|    builtin and then its argument prototype would still apply.  */
| #ifdef __cplusplus
| extern "C"
| #endif
| char XCreateImage ();
| int
| main ()
| {
| return XCreateImage ();
|   ;
|   return 0;
| }
configure:3623: gcc -o conftest -g -O2   conftest.c -lX11   >&5
configure:3623: $? = 0
configure:3640: result: -lX11
configure:3657: checking for main in -lXext
configure:3676: gcc -o conftest -g -O2   conftest.c -lXext  -lX11  >&5
configure:3676: $? = 0
configure:3685: result: yes
configure:3697: checking for main in -lXm
configure:3716: gcc -o conftest -g -O2   conftest.c -lXm  -lXext -lX11  >&5
/usr/bin/ld: cannot find -lXm
collect2: ld returned 1 exit status
configure:3716: $? = 1
configure: failed program was:
| /* confdefs.h */
| #define PACKAGE_NAME "Zangband"
| #define PACKAGE_TARNAME "zangband"
| #define PACKAGE_VERSION "0.3.3"
| #define PACKAGE_STRING "Zangband 0.3.3"
| #define PACKAGE_BUGREPORT "bugs@zangband.org"
| #define PACKAGE_URL ""
| #define USE_X11 1
| #define USE_XPJ 1
| #define HAVE_LIBXEXT 1
| /* end confdefs.h.  */
| 
| 
| int
| main ()
| {
| return main ();
|   ;
|   return 0;
| }
configure:3725: result: no
configure:3737: checking for main in -lXmu
configure:3756: gcc -o conftest -g -O2   conftest.c -lXmu  -lXext -lX11  >&5
/usr/bin/ld: cannot find -lXmu
collect2: ld returned 1 exit status
configure:3756: $? = 1
configure: failed program was:
| /* confdefs.h */
| #define PACKAGE_NAME "Zangband"
| #define PACKAGE_TARNAME "zangband"
| #define PACKAGE_VERSION "0.3.3"
| #define PACKAGE_STRING "Zangband 0.3.3"
| #define PACKAGE_BUGREPORT "bugs@zangband.org"
| #define PACKAGE_URL ""
| #define USE_X11 1
| #define USE_XPJ 1
| #define HAVE_LIBXEXT 1
| /* end confdefs.h.  */
| 
| 
| int
| main ()
| {
| return main ();
|   ;
|   return 0;
| }
configure:3765: result: no
configure:3777: checking for main in -lXt
configure:3796: gcc -o conftest -g -O2   conftest.c -lXt  -lXext -lX11  >&5
/usr/bin/ld: cannot find -lXt
collect2: ld returned 1 exit status
configure:3796: $? = 1
configure: failed program was:
| /* confdefs.h */
| #define PACKAGE_NAME "Zangband"
| #define PACKAGE_TARNAME "zangband"
| #define PACKAGE_VERSION "0.3.3"
| #define PACKAGE_STRING "Zangband 0.3.3"
| #define PACKAGE_BUGREPORT "bugs@zangband.org"
| #define PACKAGE_URL ""
| #define USE_X11 1
| #define USE_XPJ 1
| #define HAVE_LIBXEXT 1
| /* end confdefs.h.  */
| 
| 
| int
| main ()
| {
| return main ();
|   ;
|   return 0;
| }
configure:3805: result: no
configure:3817: checking for main in -lSM
configure:3836: gcc -o conftest -g -O2   conftest.c -lSM  -lXext -lX11  >&5
/usr/bin/ld: cannot find -lSM
collect2: ld returned 1 exit status
configure:3836: $? = 1
configure: failed program was:
| /* confdefs.h */
| #define PACKAGE_NAME "Zangband"
| #define PACKAGE_TARNAME "zangband"
| #define PACKAGE_VERSION "0.3.3"
| #define PACKAGE_STRING "Zangband 0.3.3"
| #define PACKAGE_BUGREPORT "bugs@zangband.org"
| #define PACKAGE_URL ""
| #define USE_X11 1
| #define USE_XPJ 1
| #define HAVE_LIBXEXT 1
| /* end confdefs.h.  */
| 
| 
| int
| main ()
| {
| return main ();
|   ;
|   return 0;
| }
configure:3845: result: no
configure:3857: checking for main in -lXpm
configure:3876: gcc -o conftest -g -O2   conftest.c -lXpm  -lXext -lX11  >&5
/usr/bin/ld: cannot find -lXpm
collect2: ld returned 1 exit status
configure:3876: $? = 1
configure: failed program was:
| /* confdefs.h */
| #define PACKAGE_NAME "Zangband"
| #define PACKAGE_TARNAME "zangband"
| #define PACKAGE_VERSION "0.3.3"
| #define PACKAGE_STRING "Zangband 0.3.3"
| #define PACKAGE_BUGREPORT "bugs@zangband.org"
| #define PACKAGE_URL ""
| #define USE_X11 1
| #define USE_XPJ 1
| #define HAVE_LIBXEXT 1
| /* end confdefs.h.  */
| 
| 
| int
| main ()
| {
| return main ();
|   ;
|   return 0;
| }
configure:3885: result: no
configure:3897: checking for main in -lGn
configure:3916: gcc -o conftest -g -O2   conftest.c -lGn  -lXext -lX11  >&5
/usr/bin/ld: cannot find -lGn
collect2: ld returned 1 exit status
configure:3916: $? = 1
configure: failed program was:
| /* confdefs.h */
| #define PACKAGE_NAME "Zangband"
| #define PACKAGE_TARNAME "zangband"
| #define PACKAGE_VERSION "0.3.3"
| #define PACKAGE_STRING "Zangband 0.3.3"
| #define PACKAGE_BUGREPORT "bugs@zangband.org"
| #define PACKAGE_URL ""
| #define USE_X11 1
| #define USE_XPJ 1
| #define HAVE_LIBXEXT 1
| /* end confdefs.h.  */
| 
| 
| int
| main ()
| {
| return main ();
|   ;
|   return 0;
| }
configure:3925: result: no
configure:3937: checking for main in -lICE
configure:3956: gcc -o conftest -g -O2   conftest.c -lICE  -lXext -lX11  >&5
/usr/bin/ld: cannot find -lICE
collect2: ld returned 1 exit status
configure:3956: $? = 1
configure: failed program was:
| /* confdefs.h */
| #define PACKAGE_NAME "Zangband"
| #define PACKAGE_TARNAME "zangband"
| #define PACKAGE_VERSION "0.3.3"
| #define PACKAGE_STRING "Zangband 0.3.3"
| #define PACKAGE_BUGREPORT "bugs@zangband.org"
| #define PACKAGE_URL ""
| #define USE_X11 1
| #define USE_XPJ 1
| #define HAVE_LIBXEXT 1
| /* end confdefs.h.  */
| 
| 
| int
| main ()
| {
| return main ();
|   ;
|   return 0;
| }
configure:3965: result: no
configure:3977: checking for library containing XawInitializeWidgetSet
configure:4008: gcc -o conftest -g -O2   conftest.c -lXext -lX11  >&5
/tmp/ccDA1QoD.o: In function `main':
/home/blubaron/zpa/conftest.c:23: undefined reference to `XawInitializeWidgetSet'
collect2: ld returned 1 exit status
configure:4008: $? = 1
configure: failed program was:
| /* confdefs.h */
| #define PACKAGE_NAME "Zangband"
| #define PACKAGE_TARNAME "zangband"
| #define PACKAGE_VERSION "0.3.3"
| #define PACKAGE_STRING "Zangband 0.3.3"
| #define PACKAGE_BUGREPORT "bugs@zangband.org"
| #define PACKAGE_URL ""
| #define USE_X11 1
| #define USE_XPJ 1
| #define HAVE_LIBXEXT 1
| /* end confdefs.h.  */
| 
| /* Override any GCC internal prototype to avoid an error.
|    Use char because int might match the return type of a GCC
|    builtin and then its argument prototype would still apply.  */
| #ifdef __cplusplus
| extern "C"
| #endif
| char XawInitializeWidgetSet ();
| int
| main ()
| {
| return XawInitializeWidgetSet ();
|   ;
|   return 0;
| }
configure:4008: gcc -o conftest -g -O2   conftest.c -lXaw  -lXext -lX11  >&5
/usr/bin/ld: cannot find -lXaw
collect2: ld returned 1 exit status
configure:4008: $? = 1
configure: failed program was:
| /* confdefs.h */
| #define PACKAGE_NAME "Zangband"
| #define PACKAGE_TARNAME "zangband"
| #define PACKAGE_VERSION "0.3.3"
| #define PACKAGE_STRING "Zangband 0.3.3"
| #define PACKAGE_BUGREPORT "bugs@zangband.org"
| #define PACKAGE_URL ""
| #define USE_X11 1
| #define USE_XPJ 1
| #define HAVE_LIBXEXT 1
| /* end confdefs.h.  */
| 
| /* Override any GCC internal prototype to avoid an error.
|    Use char because int might match the return type of a GCC
|    builtin and then its argument prototype would still apply.  */
| #ifdef __cplusplus
| extern "C"
| #endif
| char XawInitializeWidgetSet ();
| int
| main ()
| {
| return XawInitializeWidgetSet ();
|   ;
|   return 0;
| }
configure:4025: result: no
configure:4037: checking for library containing initscr
configure:4068: gcc -o conftest -g -O2   conftest.c -lXext -lX11  >&5
/tmp/ccL6EZid.o: In function `main':
/home/blubaron/zpa/conftest.c:23: undefined reference to `initscr'
collect2: ld returned 1 exit status
configure:4068: $? = 1
configure: failed program was:
| /* confdefs.h */
| #define PACKAGE_NAME "Zangband"
| #define PACKAGE_TARNAME "zangband"
| #define PACKAGE_VERSION "0.3.3"
| #define PACKAGE_STRING "Zangband 0.3.3"
| #define PACKAGE_BUGREPORT "bugs@zangband.org"
| #define PACKAGE_URL ""
| #define USE_X11 1
| #define USE_XPJ 1
| #define HAVE_LIBXEXT 1
| /* end confdefs.h.  */
| 
| /* Override any GCC internal prototype to avoid an error.
|    Use char because int might match the return type of a GCC
|    builtin and then its argument prototype would still apply.  */
| #ifdef __cplusplus
| extern "C"
| #endif
| char initscr ();
| int
| main ()
| {
| return initscr ();
|   ;
|   return 0;
| }
configure:4068: gcc -o conftest -g -O2   conftest.c -lncurses  -lXext -lX11  >&5
/usr/bin/ld: cannot find -lncurses
collect2: ld returned 1 exit status
configure:4068: $? = 1
configure: failed program was:
| /* confdefs.h */
| #define PACKAGE_NAME "Zangband"
| #define PACKAGE_TARNAME "zangband"
| #define PACKAGE_VERSION "0.3.3"
| #define PACKAGE_STRING "Zangband 0.3.3"
| #define PACKAGE_BUGREPORT "bugs@zangband.org"
| #define PACKAGE_URL ""
| #define USE_X11 1
| #define USE_XPJ 1
| #define HAVE_LIBXEXT 1
| /* end confdefs.h.  */
| 
| /* Override any GCC internal prototype to avoid an error.
|    Use char because int might match the return type of a GCC
|    builtin and then its argument prototype would still apply.  */
| #ifdef __cplusplus
| extern "C"
| #endif
| char initscr ();
| int
| main ()
| {
| return initscr ();
|   ;
|   return 0;
| }
configure:4068: gcc -o conftest -g -O2   conftest.c -lcurses  -lXext -lX11  >&5
/usr/bin/ld: cannot find -lcurses
collect2: ld returned 1 exit status
configure:4068: $? = 1
configure: failed program was:
| /* confdefs.h */
| #define PACKAGE_NAME "Zangband"
| #define PACKAGE_TARNAME "zangband"
| #define PACKAGE_VERSION "0.3.3"
| #define PACKAGE_STRING "Zangband 0.3.3"
| #define PACKAGE_BUGREPORT "bugs@zangband.org"
| #define PACKAGE_URL ""
| #define USE_X11 1
| #define USE_XPJ 1
| #define HAVE_LIBXEXT 1
| /* end confdefs.h.  */
| 
| /* Override any GCC internal prototype to avoid an error.
|    Use char because int might match the return type of a GCC
|    builtin and then its argument prototype would still apply.  */
| #ifdef __cplusplus
| extern "C"
| #endif
| char initscr ();
| int
| main ()
| {
| return initscr ();
|   ;
|   return 0;
| }
configure:4085: result: no
configure:4095: checking for library containing tgetent
configure:4126: gcc -o conftest -g -O2   conftest.c -lXext -lX11  >&5
/tmp/cccNYb0K.o: In function `main':
/home/blubaron/zpa/conftest.c:23: undefined reference to `tgetent'
collect2: ld returned 1 exit status
configure:4126: $? = 1
configure: failed program was:
| /* confdefs.h */
| #define PACKAGE_NAME "Zangband"
| #define PACKAGE_TARNAME "zangband"
| #define PACKAGE_VERSION "0.3.3"
| #define PACKAGE_STRING "Zangband 0.3.3"
| #define PACKAGE_BUGREPORT "bugs@zangband.org"
| #define PACKAGE_URL ""
| #define USE_X11 1
| #define USE_XPJ 1
| #define HAVE_LIBXEXT 1
| /* end confdefs.h.  */
| 
| /* Override any GCC internal prototype to avoid an error.
|    Use char because int might match the return type of a GCC
|    builtin and then its argument prototype would still apply.  */
| #ifdef __cplusplus
| extern "C"
| #endif
| char tgetent ();
| int
| main ()
| {
| return tgetent ();
|   ;
|   return 0;
| }
configure:4126: gcc -o conftest -g -O2   conftest.c -ltermcap  -lXext -lX11  >&5
/usr/bin/ld: cannot find -ltermcap
collect2: ld returned 1 exit status
configure:4126: $? = 1
configure: failed program was:
| /* confdefs.h */
| #define PACKAGE_NAME "Zangband"
| #define PACKAGE_TARNAME "zangband"
| #define PACKAGE_VERSION "0.3.3"
| #define PACKAGE_STRING "Zangband 0.3.3"
| #define PACKAGE_BUGREPORT "bugs@zangband.org"
| #define PACKAGE_URL ""
| #define USE_X11 1
| #define USE_XPJ 1
| #define HAVE_LIBXEXT 1
| /* end confdefs.h.  */
| 
| /* Override any GCC internal prototype to avoid an error.
|    Use char because int might match the return type of a GCC
|    builtin and then its argument prototype would still apply.  */
| #ifdef __cplusplus
| extern "C"
| #endif
| char tgetent ();
| int
| main ()
| {
| return tgetent ();
|   ;
|   return 0;
| }
configure:4143: result: no
configure:4157: checking for library containing gtk_init_check
configure:4188: gcc -o conftest -g -O2   conftest.c -lXext -lX11  >&5
/tmp/ccQFdhTn.o: In function `main':
/home/blubaron/zpa/conftest.c:23: undefined reference to `gtk_init_check'
collect2: ld returned 1 exit status
configure:4188: $? = 1
configure: failed program was:
| /* confdefs.h */
| #define PACKAGE_NAME "Zangband"
| #define PACKAGE_TARNAME "zangband"
| #define PACKAGE_VERSION "0.3.3"
| #define PACKAGE_STRING "Zangband 0.3.3"
| #define PACKAGE_BUGREPORT "bugs@zangband.org"
| #define PACKAGE_URL ""
| #define USE_X11 1
| #define USE_XPJ 1
| #define HAVE_LIBXEXT 1
| /* end confdefs.h.  */
| 
| /* Override any GCC internal prototype to avoid an error.
|    Use char because int might match the return type of a GCC
|    builtin and then its argument prototype would still apply.  */
| #ifdef __cplusplus
| extern "C"
| #endif
| char gtk_init_check ();
| int
| main ()
| {
| return gtk_init_check ();
|   ;
|   return 0;
| }
configure:4188: gcc -o conftest -g -O2   conftest.c -lgtk  -lXext -lX11  >&5
/usr/bin/ld: cannot find -lgtk
collect2: ld returned 1 exit status
configure:4188: $? = 1
configure: failed program was:
| /* confdefs.h */
| #define PACKAGE_NAME "Zangband"
| #define PACKAGE_TARNAME "zangband"
| #define PACKAGE_VERSION "0.3.3"
| #define PACKAGE_STRING "Zangband 0.3.3"
| #define PACKAGE_BUGREPORT "bugs@zangband.org"
| #define PACKAGE_URL ""
| #define USE_X11 1
| #define USE_XPJ 1
| #define HAVE_LIBXEXT 1
| /* end confdefs.h.  */
| 
| /* Override any GCC internal prototype to avoid an error.
|    Use char because int might match the return type of a GCC
|    builtin and then its argument prototype would still apply.  */
| #ifdef __cplusplus
| extern "C"
| #endif
| char gtk_init_check ();
| int
| main ()
| {
| return gtk_init_check ();
|   ;
|   return 0;
| }
configure:4205: result: no
configure:4220: checking for grep that handles long lines and -e
configure:4278: result: /bin/grep
configure:4283: checking for egrep
configure:4345: result: /bin/grep -E
configure:4350: checking for ANSI C header files
configure:4370: gcc -c -g -O2  conftest.c >&5
configure:4370: $? = 0
configure:4443: gcc -o conftest -g -O2   conftest.c -lXext -lX11  >&5
configure:4443: $? = 0
configure:4443: ./conftest
configure:4443: $? = 0
configure:4454: result: yes
configure:4467: checking for sys/types.h
configure:4467: gcc -c -g -O2  conftest.c >&5
configure:4467: $? = 0
configure:4467: result: yes
configure:4467: checking for sys/stat.h
configure:4467: gcc -c -g -O2  conftest.c >&5
configure:4467: $? = 0
configure:4467: result: yes
configure:4467: checking for stdlib.h
configure:4467: gcc -c -g -O2  conftest.c >&5
configure:4467: $? = 0
configure:4467: result: yes
configure:4467: checking for string.h
configure:4467: gcc -c -g -O2  conftest.c >&5
configure:4467: $? = 0
configure:4467: result: yes
configure:4467: checking for memory.h
configure:4467: gcc -c -g -O2  conftest.c >&5
configure:4467: $? = 0
configure:4467: result: yes
configure:4467: checking for strings.h
configure:4467: gcc -c -g -O2  conftest.c >&5
configure:4467: $? = 0
configure:4467: result: yes
configure:4467: checking for inttypes.h
configure:4467: gcc -c -g -O2  conftest.c >&5
configure:4467: $? = 0
configure:4467: result: yes
configure:4467: checking for stdint.h
configure:4467: gcc -c -g -O2  conftest.c >&5
configure:4467: $? = 0
configure:4467: result: yes
configure:4467: checking for unistd.h
configure:4467: gcc -c -g -O2  conftest.c >&5
configure:4467: $? = 0
configure:4467: result: yes
configure:4480: checking for library containing Tcl_Init
configure:4511: gcc -o conftest -g -O2   conftest.c -lXext -lX11  >&5
/tmp/ccFbzEhU.o: In function `main':
/home/blubaron/zpa/conftest.c:33: undefined reference to `Tcl_Init'
collect2: ld returned 1 exit status
configure:4511: $? = 1
configure: failed program was:
| /* confdefs.h */
| #define PACKAGE_NAME "Zangband"
| #define PACKAGE_TARNAME "zangband"
| #define PACKAGE_VERSION "0.3.3"
| #define PACKAGE_STRING "Zangband 0.3.3"
| #define PACKAGE_BUGREPORT "bugs@zangband.org"
| #define PACKAGE_URL ""
| #define USE_X11 1
| #define USE_XPJ 1
| #define HAVE_LIBXEXT 1
| #define STDC_HEADERS 1
| #define HAVE_SYS_TYPES_H 1
| #define HAVE_SYS_STAT_H 1
| #define HAVE_STDLIB_H 1
| #define HAVE_STRING_H 1
| #define HAVE_MEMORY_H 1
| #define HAVE_STRINGS_H 1
| #define HAVE_INTTYPES_H 1
| #define HAVE_STDINT_H 1
| #define HAVE_UNISTD_H 1
| /* end confdefs.h.  */
| 
| /* Override any GCC internal prototype to avoid an error.
|    Use char because int might match the return type of a GCC
|    builtin and then its argument prototype would still apply.  */
| #ifdef __cplusplus
| extern "C"
| #endif
| char Tcl_Init ();
| int
| main ()
| {
| return Tcl_Init ();
|   ;
|   return 0;
| }
configure:4511: gcc -o conftest -g -O2   conftest.c -ltcl84  -lXext -lX11  >&5
/usr/bin/ld: cannot find -ltcl84
collect2: ld returned 1 exit status
configure:4511: $? = 1
configure: failed program was:
| /* confdefs.h */
| #define PACKAGE_NAME "Zangband"
| #define PACKAGE_TARNAME "zangband"
| #define PACKAGE_VERSION "0.3.3"
| #define PACKAGE_STRING "Zangband 0.3.3"
| #define PACKAGE_BUGREPORT "bugs@zangband.org"
| #define PACKAGE_URL ""
| #define USE_X11 1
| #define USE_XPJ 1
| #define HAVE_LIBXEXT 1
| #define STDC_HEADERS 1
| #define HAVE_SYS_TYPES_H 1
| #define HAVE_SYS_STAT_H 1
| #define HAVE_STDLIB_H 1
| #define HAVE_STRING_H 1
| #define HAVE_MEMORY_H 1
| #define HAVE_STRINGS_H 1
| #define HAVE_INTTYPES_H 1
| #define HAVE_STDINT_H 1
| #define HAVE_UNISTD_H 1
| /* end confdefs.h.  */
| 
| /* Override any GCC internal prototype to avoid an error.
|    Use char because int might match the return type of a GCC
|    builtin and then its argument prototype would still apply.  */
| #ifdef __cplusplus
| extern "C"
| #endif
| char Tcl_Init ();
| int
| main ()
| {
| return Tcl_Init ();
|   ;
|   return 0;
| }
configure:4511: gcc -o conftest -g -O2   conftest.c -ltcl8.4  -lXext -lX11  >&5
/usr/bin/ld: cannot find -ltcl8.4
collect2: ld returned 1 exit status
configure:4511: $? = 1
configure: failed program was:
| /* confdefs.h */
| #define PACKAGE_NAME "Zangband"
| #define PACKAGE_TARNAME "zangband"
| #define PACKAGE_VERSION "0.3.3"
| #define PACKAGE_STRING "Zangband 0.3.3"
| #define PACKAGE_BUGREPORT "bugs@zangband.org"
| #define PACKAGE_URL ""
| #define USE_X11 1
| #define USE_XPJ 1
| #define HAVE_LIBXEXT 1
| #define STDC_HEADERS 1
| #define HAVE_SYS_TYPES_H 1
| #define HAVE_SYS_STAT_H 1
| #define HAVE_STDLIB_H 1
| #define HAVE_STRING_H 1
| #define HAVE_MEMORY_H 1
| #define HAVE_STRINGS_H 1
| #define HAVE_INTTYPES_H 1
| #define HAVE_STDINT_H 1
| #define HAVE_UNISTD_H 1
| /* end confdefs.h.  */
| 
| /* Override any GCC internal prototype to avoid an error.
|    Use char because int might match the return type of a GCC
|    builtin and then its argument prototype would still apply.  */
| #ifdef __cplusplus
| extern "C"
| #endif
| char Tcl_Init ();
| int
| main ()
| {
| return Tcl_Init ();
|   ;
|   return 0;
| }
configure:4511: gcc -o conftest -g -O2   conftest.c -ltcl83  -lXext -lX11  >&5
/usr/bin/ld: cannot find -ltcl83
collect2: ld returned 1 exit status
configure:4511: $? = 1
configure: failed program was:
| /* confdefs.h */
| #define PACKAGE_NAME "Zangband"
| #define PACKAGE_TARNAME "zangband"
| #define PACKAGE_VERSION "0.3.3"
| #define PACKAGE_STRING "Zangband 0.3.3"
| #define PACKAGE_BUGREPORT "bugs@zangband.org"
| #define PACKAGE_URL ""
| #define USE_X11 1
| #define USE_XPJ 1
| #define HAVE_LIBXEXT 1
| #define STDC_HEADERS 1
| #define HAVE_SYS_TYPES_H 1
| #define HAVE_SYS_STAT_H 1
| #define HAVE_STDLIB_H 1
| #define HAVE_STRING_H 1
| #define HAVE_MEMORY_H 1
| #define HAVE_STRINGS_H 1
| #define HAVE_INTTYPES_H 1
| #define HAVE_STDINT_H 1
| #define HAVE_UNISTD_H 1
| /* end confdefs.h.  */
| 
| /* Override any GCC internal prototype to avoid an error.
|    Use char because int might match the return type of a GCC
|    builtin and then its argument prototype would still apply.  */
| #ifdef __cplusplus
| extern "C"
| #endif
| char Tcl_Init ();
| int
| main ()
| {
| return Tcl_Init ();
|   ;
|   return 0;
| }
configure:4511: gcc -o conftest -g -O2   conftest.c -ltcl8.3  -lXext -lX11  >&5
/usr/bin/ld: cannot find -ltcl8.3
collect2: ld returned 1 exit status
configure:4511: $? = 1
configure: failed program was:
| /* confdefs.h */
| #define PACKAGE_NAME "Zangband"
| #define PACKAGE_TARNAME "zangband"
| #define PACKAGE_VERSION "0.3.3"
| #define PACKAGE_STRING "Zangband 0.3.3"
| #define PACKAGE_BUGREPORT "bugs@zangband.org"
| #define PACKAGE_URL ""
| #define USE_X11 1
| #define USE_XPJ 1
| #define HAVE_LIBXEXT 1
| #define STDC_HEADERS 1
| #define HAVE_SYS_TYPES_H 1
| #define HAVE_SYS_STAT_H 1
| #define HAVE_STDLIB_H 1
| #define HAVE_STRING_H 1
| #define HAVE_MEMORY_H 1
| #define HAVE_STRINGS_H 1
| #define HAVE_INTTYPES_H 1
| #define HAVE_STDINT_H 1
| #define HAVE_UNISTD_H 1
| /* end confdefs.h.  */
| 
| /* Override any GCC internal prototype to avoid an error.
|    Use char because int might match the return type of a GCC
|    builtin and then its argument prototype would still apply.  */
| #ifdef __cplusplus
| extern "C"
| #endif
| char Tcl_Init ();
| int
| main ()
| {
| return Tcl_Init ();
|   ;
|   return 0;
| }
configure:4528: result: no
configure:4700: gcc -c -g -O2  conftest.c >&5
configure:4700: $? = 0
configure:4797: checking for main in -lbsd
configure:4816: gcc -o conftest -g -O2   conftest.c -lbsd  -lXext -lX11  >&5
configure:4816: $? = 0
configure:4825: result: yes
configure:4837: checking for main in -lcposix
configure:4856: gcc -o conftest -g -O2   conftest.c -lcposix  -lbsd -lXext -lX11  >&5
/usr/bin/ld: cannot find -lcposix
collect2: ld returned 1 exit status
configure:4856: $? = 1
configure: failed program was:
| /* confdefs.h */
| #define PACKAGE_NAME "Zangband"
| #define PACKAGE_TARNAME "zangband"
| #define PACKAGE_VERSION "0.3.3"
| #define PACKAGE_STRING "Zangband 0.3.3"
| #define PACKAGE_BUGREPORT "bugs@zangband.org"
| #define PACKAGE_URL ""
| #define USE_X11 1
| #define USE_XPJ 1
| #define HAVE_LIBXEXT 1
| #define STDC_HEADERS 1
| #define HAVE_SYS_TYPES_H 1
| #define HAVE_SYS_STAT_H 1
| #define HAVE_STDLIB_H 1
| #define HAVE_STRING_H 1
| #define HAVE_MEMORY_H 1
| #define HAVE_STRINGS_H 1
| #define HAVE_INTTYPES_H 1
| #define HAVE_STDINT_H 1
| #define HAVE_UNISTD_H 1
| #define USE_64B 1
| #define HAVE_LIBBSD 1
| /* end confdefs.h.  */
| 
| 
| int
| main ()
| {
| return main ();
|   ;
|   return 0;
| }
configure:4865: result: no
configure:4877: checking for main in -linet
configure:4896: gcc -o conftest -g -O2   conftest.c -linet  -lbsd -lXext -lX11  >&5
/usr/bin/ld: cannot find -linet
collect2: ld returned 1 exit status
configure:4896: $? = 1
configure: failed program was:
| /* confdefs.h */
| #define PACKAGE_NAME "Zangband"
| #define PACKAGE_TARNAME "zangband"
| #define PACKAGE_VERSION "0.3.3"
| #define PACKAGE_STRING "Zangband 0.3.3"
| #define PACKAGE_BUGREPORT "bugs@zangband.org"
| #define PACKAGE_URL ""
| #define USE_X11 1
| #define USE_XPJ 1
| #define HAVE_LIBXEXT 1
| #define STDC_HEADERS 1
| #define HAVE_SYS_TYPES_H 1
| #define HAVE_SYS_STAT_H 1
| #define HAVE_STDLIB_H 1
| #define HAVE_STRING_H 1
| #define HAVE_MEMORY_H 1
| #define HAVE_STRINGS_H 1
| #define HAVE_INTTYPES_H 1
| #define HAVE_STDINT_H 1
| #define HAVE_UNISTD_H 1
| #define USE_64B 1
| #define HAVE_LIBBSD 1
| /* end confdefs.h.  */
| 
| 
| int
| main ()
| {
| return main ();
|   ;
|   return 0;
| }
configure:4905: result: no
configure:4917: checking for main in -lnsl_s
configure:4936: gcc -o conftest -g -O2   conftest.c -lnsl_s  -lbsd -lXext -lX11  >&5
/usr/bin/ld: cannot find -lnsl_s
collect2: ld returned 1 exit status
configure:4936: $? = 1
configure: failed program was:
| /* confdefs.h */
| #define PACKAGE_NAME "Zangband"
| #define PACKAGE_TARNAME "zangband"
| #define PACKAGE_VERSION "0.3.3"
| #define PACKAGE_STRING "Zangband 0.3.3"
| #define PACKAGE_BUGREPORT "bugs@zangband.org"
| #define PACKAGE_URL ""
| #define USE_X11 1
| #define USE_XPJ 1
| #define HAVE_LIBXEXT 1
| #define STDC_HEADERS 1
| #define HAVE_SYS_TYPES_H 1
| #define HAVE_SYS_STAT_H 1
| #define HAVE_STDLIB_H 1
| #define HAVE_STRING_H 1
| #define HAVE_MEMORY_H 1
| #define HAVE_STRINGS_H 1
| #define HAVE_INTTYPES_H 1
| #define HAVE_STDINT_H 1
| #define HAVE_UNISTD_H 1
| #define USE_64B 1
| #define HAVE_LIBBSD 1
| /* end confdefs.h.  */
| 
| 
| int
| main ()
| {
| return main ();
|   ;
|   return 0;
| }
configure:4945: result: no
configure:4957: checking for main in -lrpcsvc
configure:4976: gcc -o conftest -g -O2   conftest.c -lrpcsvc  -lbsd -lXext -lX11  >&5
configure:4976: $? = 0
configure:4985: result: yes
configure:4997: checking for main in -lsun
configure:5016: gcc -o conftest -g -O2   conftest.c -lsun  -lrpcsvc -lbsd -lXext -lX11  >&5
/usr/bin/ld: cannot find -lsun
collect2: ld returned 1 exit status
configure:5016: $? = 1
configure: failed program was:
| /* confdefs.h */
| #define PACKAGE_NAME "Zangband"
| #define PACKAGE_TARNAME "zangband"
| #define PACKAGE_VERSION "0.3.3"
| #define PACKAGE_STRING "Zangband 0.3.3"
| #define PACKAGE_BUGREPORT "bugs@zangband.org"
| #define PACKAGE_URL ""
| #define USE_X11 1
| #define USE_XPJ 1
| #define HAVE_LIBXEXT 1
| #define STDC_HEADERS 1
| #define HAVE_SYS_TYPES_H 1
| #define HAVE_SYS_STAT_H 1
| #define HAVE_STDLIB_H 1
| #define HAVE_STRING_H 1
| #define HAVE_MEMORY_H 1
| #define HAVE_STRINGS_H 1
| #define HAVE_INTTYPES_H 1
| #define HAVE_STDINT_H 1
| #define HAVE_UNISTD_H 1
| #define USE_64B 1
| #define HAVE_LIBBSD 1
| #define HAVE_LIBRPCSVC 1
| /* end confdefs.h.  */
| 
| 
| int
| main ()
| {
| return main ();
|   ;
|   return 0;
| }
configure:5025: result: no
configure:5041: checking for main in -lvideo
configure:5060: gcc -o conftest -g -O2   conftest.c -lvideo  -lrpcsvc -lbsd -lXext -lX11  >&5
/usr/bin/ld: cannot find -lvideo
collect2: ld returned 1 exit status
configure:5060: $? = 1
configure: failed program was:
| /* confdefs.h */
| #define PACKAGE_NAME "Zangband"
| #define PACKAGE_TARNAME "zangband"
| #define PACKAGE_VERSION "0.3.3"
| #define PACKAGE_STRING "Zangband 0.3.3"
| #define PACKAGE_BUGREPORT "bugs@zangband.org"
| #define PACKAGE_URL ""
| #define USE_X11 1
| #define USE_XPJ 1
| #define HAVE_LIBXEXT 1
| #define STDC_HEADERS 1
| #define HAVE_SYS_TYPES_H 1
| #define HAVE_SYS_STAT_H 1
| #define HAVE_STDLIB_H 1
| #define HAVE_STRING_H 1
| #define HAVE_MEMORY_H 1
| #define HAVE_STRINGS_H 1
| #define HAVE_INTTYPES_H 1
| #define HAVE_STDINT_H 1
| #define HAVE_UNISTD_H 1
| #define USE_64B 1
| #define HAVE_LIBBSD 1
| #define HAVE_LIBRPCSVC 1
| /* end confdefs.h.  */
| 
| 
| int
| main ()
| {
| return main ();
|   ;
|   return 0;
| }
configure:5069: result: no
configure:5081: checking for main in -lwinmm
configure:5100: gcc -o conftest -g -O2   conftest.c -lwinmm  -lrpcsvc -lbsd -lXext -lX11  >&5
/usr/bin/ld: cannot find -lwinmm
collect2: ld returned 1 exit status
configure:5100: $? = 1
configure: failed program was:
| /* confdefs.h */
| #define PACKAGE_NAME "Zangband"
| #define PACKAGE_TARNAME "zangband"
| #define PACKAGE_VERSION "0.3.3"
| #define PACKAGE_STRING "Zangband 0.3.3"
| #define PACKAGE_BUGREPORT "bugs@zangband.org"
| #define PACKAGE_URL ""
| #define USE_X11 1
| #define USE_XPJ 1
| #define HAVE_LIBXEXT 1
| #define STDC_HEADERS 1
| #define HAVE_SYS_TYPES_H 1
| #define HAVE_SYS_STAT_H 1
| #define HAVE_STDLIB_H 1
| #define HAVE_STRING_H 1
| #define HAVE_MEMORY_H 1
| #define HAVE_STRINGS_H 1
| #define HAVE_INTTYPES_H 1
| #define HAVE_STDINT_H 1
| #define HAVE_UNISTD_H 1
| #define USE_64B 1
| #define HAVE_LIBBSD 1
| #define HAVE_LIBRPCSVC 1
| /* end confdefs.h.  */
| 
| 
| int
| main ()
| {
| return main ();
|   ;
|   return 0;
| }
configure:5109: result: no
configure:5121: checking for main in -lz
configure:5140: gcc -o conftest -g -O2   conftest.c -lz  -lrpcsvc -lbsd -lXext -lX11  >&5
configure:5140: $? = 0
configure:5149: result: yes
configure:5162: checking for ANSI C header files
configure:5266: result: yes
configure:5277: checking fcntl.h usability
configure:5277: gcc -c -g -O2  conftest.c >&5
configure:5277: $? = 0
configure:5277: result: yes
configure:5277: checking fcntl.h presence
configure:5277: gcc -E  conftest.c
configure:5277: $? = 0
configure:5277: result: yes
configure:5277: checking for fcntl.h
configure:5277: result: yes
configure:5277: checking limits.h usability
configure:5277: gcc -c -g -O2  conftest.c >&5
configure:5277: $? = 0
configure:5277: result: yes
configure:5277: checking limits.h presence
configure:5277: gcc -E  conftest.c
configure:5277: $? = 0
configure:5277: result: yes
configure:5277: checking for limits.h
configure:5277: result: yes
configure:5277: checking locale.h usability
configure:5277: gcc -c -g -O2  conftest.c >&5
configure:5277: $? = 0
configure:5277: result: yes
configure:5277: checking locale.h presence
configure:5277: gcc -E  conftest.c
configure:5277: $? = 0
configure:5277: result: yes
configure:5277: checking for locale.h
configure:5277: result: yes
configure:5277: checking for memory.h
configure:5277: result: yes
configure:5277: checking netdb.h usability
configure:5277: gcc -c -g -O2  conftest.c >&5
configure:5277: $? = 0
configure:5277: result: yes
configure:5277: checking netdb.h presence
configure:5277: gcc -E  conftest.c
configure:5277: $? = 0
configure:5277: result: yes
configure:5277: checking for netdb.h
configure:5277: result: yes
configure:5277: checking stddef.h usability
configure:5277: gcc -c -g -O2  conftest.c >&5
configure:5277: $? = 0
configure:5277: result: yes
configure:5277: checking stddef.h presence
configure:5277: gcc -E  conftest.c
configure:5277: $? = 0
configure:5277: result: yes
configure:5277: checking for stddef.h
configure:5277: result: yes
configure:5277: checking for stdint.h
configure:5277: result: yes
configure:5277: checking for stdlib.h
configure:5277: result: yes
configure:5277: checking for string.h
configure:5277: result: yes
configure:5277: checking sys/file.h usability
configure:5277: gcc -c -g -O2  conftest.c >&5
configure:5277: $? = 0
configure:5277: result: yes
configure:5277: checking sys/file.h presence
configure:5277: gcc -E  conftest.c
configure:5277: $? = 0
configure:5277: result: yes
configure:5277: checking for sys/file.h
configure:5277: result: yes
configure:5277: checking sys/ioctl.h usability
configure:5277: gcc -c -g -O2  conftest.c >&5
configure:5277: $? = 0
configure:5277: result: yes
configure:5277: checking sys/ioctl.h presence
configure:5277: gcc -E  conftest.c
configure:5277: $? = 0
configure:5277: result: yes
configure:5277: checking for sys/ioctl.h
configure:5277: result: yes
configure:5277: checking sys/param.h usability
configure:5277: gcc -c -g -O2  conftest.c >&5
configure:5277: $? = 0
configure:5277: result: yes
configure:5277: checking sys/param.h presence
configure:5277: gcc -E  conftest.c
configure:5277: $? = 0
configure:5277: result: yes
configure:5277: checking for sys/param.h
configure:5277: result: yes
configure:5277: checking sys/time.h usability
configure:5277: gcc -c -g -O2  conftest.c >&5
configure:5277: $? = 0
configure:5277: result: yes
configure:5277: checking sys/time.h presence
configure:5277: gcc -E  conftest.c
configure:5277: $? = 0
configure:5277: result: yes
configure:5277: checking for sys/time.h
configure:5277: result: yes
configure:5277: checking sys/timeb.h usability
configure:5277: gcc -c -g -O2  conftest.c >&5
configure:5277: $? = 0
configure:5277: result: yes
configure:5277: checking sys/timeb.h presence
configure:5277: gcc -E  conftest.c
configure:5277: $? = 0
configure:5277: result: yes
configure:5277: checking for sys/timeb.h
configure:5277: result: yes
configure:5277: checking termio.h usability
configure:5277: gcc -c -g -O2  conftest.c >&5
configure:5277: $? = 0
configure:5277: result: yes
configure:5277: checking termio.h presence
configure:5277: gcc -E  conftest.c
configure:5277: $? = 0
configure:5277: result: yes
configure:5277: checking for termio.h
configure:5277: result: yes
configure:5277: checking for unistd.h
configure:5277: result: yes
configure:5277: checking sys/ipc.h usability
configure:5277: gcc -c -g -O2  conftest.c >&5
configure:5277: $? = 0
configure:5277: result: yes
configure:5277: checking sys/ipc.h presence
configure:5277: gcc -E  conftest.c
configure:5277: $? = 0
configure:5277: result: yes
configure:5277: checking for sys/ipc.h
configure:5277: result: yes
configure:5277: checking sys/shm.h usability
configure:5277: gcc -c -g -O2  conftest.c >&5
configure:5277: $? = 0
configure:5277: result: yes
configure:5277: checking sys/shm.h presence
configure:5277: gcc -E  conftest.c
configure:5277: $? = 0
configure:5277: result: yes
configure:5277: checking for sys/shm.h
configure:5277: result: yes
configure:5291: checking termios.h usability
configure:5291: gcc -c -g -O2  conftest.c >&5
configure:5291: $? = 0
configure:5291: result: yes
configure:5291: checking termios.h presence
configure:5291: gcc -E  conftest.c
configure:5291: $? = 0
configure:5291: result: yes
configure:5291: checking for termios.h
configure:5291: result: yes
configure:5305: checking for an ANSI C-conforming const
configure:5370: gcc -c -g -O2  conftest.c >&5
configure:5370: $? = 0
configure:5377: result: yes
configure:5385: checking for size_t
configure:5385: gcc -c -g -O2  conftest.c >&5
configure:5385: $? = 0
configure:5385: gcc -c -g -O2  conftest.c >&5
conftest.c: In function 'main':
conftest.c:83: error: expected expression before ')' token
configure:5385: $? = 1
configure: failed program was:
| /* confdefs.h */
| #define PACKAGE_NAME "Zangband"
| #define PACKAGE_TARNAME "zangband"
| #define PACKAGE_VERSION "0.3.3"
| #define PACKAGE_STRING "Zangband 0.3.3"
| #define PACKAGE_BUGREPORT "bugs@zangband.org"
| #define PACKAGE_URL ""
| #define USE_X11 1
| #define USE_XPJ 1
| #define HAVE_LIBXEXT 1
| #define STDC_HEADERS 1
| #define HAVE_SYS_TYPES_H 1
| #define HAVE_SYS_STAT_H 1
| #define HAVE_STDLIB_H 1
| #define HAVE_STRING_H 1
| #define HAVE_MEMORY_H 1
| #define HAVE_STRINGS_H 1
| #define HAVE_INTTYPES_H 1
| #define HAVE_STDINT_H 1
| #define HAVE_UNISTD_H 1
| #define USE_64B 1
| #define HAVE_LIBBSD 1
| #define HAVE_LIBRPCSVC 1
| #define HAVE_LIBZ 1
| #define STDC_HEADERS 1
| #define HAVE_FCNTL_H 1
| #define HAVE_LIMITS_H 1
| #define HAVE_LOCALE_H 1
| #define HAVE_MEMORY_H 1
| #define HAVE_NETDB_H 1
| #define HAVE_STDDEF_H 1
| #define HAVE_STDINT_H 1
| #define HAVE_STDLIB_H 1
| #define HAVE_STRING_H 1
| #define HAVE_SYS_FILE_H 1
| #define HAVE_SYS_IOCTL_H 1
| #define HAVE_SYS_PARAM_H 1
| #define HAVE_SYS_TIME_H 1
| #define HAVE_SYS_TIMEB_H 1
| #define HAVE_TERMIO_H 1
| #define HAVE_UNISTD_H 1
| #define HAVE_SYS_IPC_H 1
| #define HAVE_SYS_SHM_H 1
| #define HAVE_TERMIOS_H 1
| #define USE_VCS 1
| /* end confdefs.h.  */
| #include <stdio.h>
| #ifdef HAVE_SYS_TYPES_H
| # include <sys/types.h>
| #endif
| #ifdef HAVE_SYS_STAT_H
| # include <sys/stat.h>
| #endif
| #ifdef STDC_HEADERS
| # include <stdlib.h>
| # include <stddef.h>
| #else
| # ifdef HAVE_STDLIB_H
| #  include <stdlib.h>
| # endif
| #endif
| #ifdef HAVE_STRING_H
| # if !defined STDC_HEADERS && defined HAVE_MEMORY_H
| #  include <memory.h>
| # endif
| # include <string.h>
| #endif
| #ifdef HAVE_STRINGS_H
| # include <strings.h>
| #endif
| #ifdef HAVE_INTTYPES_H
| # include <inttypes.h>
| #endif
| #ifdef HAVE_STDINT_H
| # include <stdint.h>
| #endif
| #ifdef HAVE_UNISTD_H
| # include <unistd.h>
| #endif
| int
| main ()
| {
| if (sizeof ((size_t)))
| 	    return 0;
|   ;
|   return 0;
| }
configure:5385: result: yes
configure:5396: checking whether time.h and sys/time.h may both be included
configure:5416: gcc -c -g -O2  conftest.c >&5
configure:5416: $? = 0
configure:5423: result: yes
configure:5431: checking whether struct tm is in sys/time.h or time.h
configure:5451: gcc -c -g -O2  conftest.c >&5
configure:5451: $? = 0
configure:5458: result: time.h
configure:5471: checking size of long int
configure:5476: gcc -o conftest -g -O2   conftest.c -lz -lrpcsvc -lbsd -lXext -lX11  >&5
configure:5476: $? = 0
configure:5476: ./conftest
configure:5476: $? = 0
configure:5491: result: 4
configure:5503: checking for error_at_line
configure:5519: gcc -o conftest -g -O2   conftest.c -lz -lrpcsvc -lbsd -lXext -lX11  >&5
configure:5519: $? = 0
configure:5527: result: yes
configure:5539: checking whether gcc needs -traditional
configure:5573: result: no
configure:5582: checking for stdlib.h
configure:5582: result: yes
configure:5592: checking for GNU libc compatible malloc
configure:5616: gcc -o conftest -g -O2   conftest.c -lz -lrpcsvc -lbsd -lXext -lX11  >&5
configure:5616: $? = 0
configure:5616: ./conftest
configure:5616: $? = 0
configure:5626: result: yes
configure:5647: checking for working memcmp
configure:5690: gcc -o conftest -g -O2   conftest.c -lz -lrpcsvc -lbsd -lXext -lX11  >&5
configure:5690: $? = 0
configure:5690: ./conftest
configure:5690: $? = 0
configure:5700: result: yes
configure:5711: checking for stdlib.h
configure:5711: result: yes
configure:5721: checking for GNU libc compatible realloc
configure:5745: gcc -o conftest -g -O2   conftest.c -lz -lrpcsvc -lbsd -lXext -lX11  >&5
configure:5745: $? = 0
configure:5745: ./conftest
configure:5745: $? = 0
configure:5755: result: yes
configure:5779: checking sys/select.h usability
configure:5779: gcc -c -g -O2  conftest.c >&5
configure:5779: $? = 0
configure:5779: result: yes
configure:5779: checking sys/select.h presence
configure:5779: gcc -E  conftest.c
configure:5779: $? = 0
configure:5779: result: yes
configure:5779: checking for sys/select.h
configure:5779: result: yes
configure:5779: checking sys/socket.h usability
configure:5779: gcc -c -g -O2  conftest.c >&5
configure:5779: $? = 0
configure:5779: result: yes
configure:5779: checking sys/socket.h presence
configure:5779: gcc -E  conftest.c
configure:5779: $? = 0
configure:5779: result: yes
configure:5779: checking for sys/socket.h
configure:5779: result: yes
configure:5790: checking types of arguments for select
configure:5818: gcc -c -g -O2  conftest.c >&5
configure:5818: $? = 0
configure:5829: result: int,fd_set *,struct timeval *
configure:5852: checking return type of signal handlers
configure:5870: gcc -c -g -O2  conftest.c >&5
conftest.c: In function 'main':
conftest.c:64: error: void value not ignored as it ought to be
configure:5870: $? = 1
configure: failed program was:
| /* confdefs.h */
| #define PACKAGE_NAME "Zangband"
| #define PACKAGE_TARNAME "zangband"
| #define PACKAGE_VERSION "0.3.3"
| #define PACKAGE_STRING "Zangband 0.3.3"
| #define PACKAGE_BUGREPORT "bugs@zangband.org"
| #define PACKAGE_URL ""
| #define USE_X11 1
| #define USE_XPJ 1
| #define HAVE_LIBXEXT 1
| #define STDC_HEADERS 1
| #define HAVE_SYS_TYPES_H 1
| #define HAVE_SYS_STAT_H 1
| #define HAVE_STDLIB_H 1
| #define HAVE_STRING_H 1
| #define HAVE_MEMORY_H 1
| #define HAVE_STRINGS_H 1
| #define HAVE_INTTYPES_H 1
| #define HAVE_STDINT_H 1
| #define HAVE_UNISTD_H 1
| #define USE_64B 1
| #define HAVE_LIBBSD 1
| #define HAVE_LIBRPCSVC 1
| #define HAVE_LIBZ 1
| #define STDC_HEADERS 1
| #define HAVE_FCNTL_H 1
| #define HAVE_LIMITS_H 1
| #define HAVE_LOCALE_H 1
| #define HAVE_MEMORY_H 1
| #define HAVE_NETDB_H 1
| #define HAVE_STDDEF_H 1
| #define HAVE_STDINT_H 1
| #define HAVE_STDLIB_H 1
| #define HAVE_STRING_H 1
| #define HAVE_SYS_FILE_H 1
| #define HAVE_SYS_IOCTL_H 1
| #define HAVE_SYS_PARAM_H 1
| #define HAVE_SYS_TIME_H 1
| #define HAVE_SYS_TIMEB_H 1
| #define HAVE_TERMIO_H 1
| #define HAVE_UNISTD_H 1
| #define HAVE_SYS_IPC_H 1
| #define HAVE_SYS_SHM_H 1
| #define HAVE_TERMIOS_H 1
| #define USE_VCS 1
| #define TIME_WITH_SYS_TIME 1
| #define SIZEOF_LONG_INT 4
| #define HAVE_STDLIB_H 1
| #define HAVE_MALLOC 1
| #define HAVE_STDLIB_H 1
| #define HAVE_REALLOC 1
| #define HAVE_SYS_SELECT_H 1
| #define HAVE_SYS_SOCKET_H 1
| #define SELECT_TYPE_ARG1 int
| #define SELECT_TYPE_ARG234 (fd_set *)
| #define SELECT_TYPE_ARG5 (struct timeval *)
| /* end confdefs.h.  */
| #include <sys/types.h>
| #include <signal.h>
| 
| int
| main ()
| {
| return *(signal (0, 0)) (0) == 1;
|   ;
|   return 0;
| }
configure:5877: result: void
configure:5885: checking whether lstat correctly handles trailing slash
configure:5911: gcc -o conftest -g -O2   conftest.c -lz -lrpcsvc -lbsd -lXext -lX11  >&5
configure:5911: $? = 0
configure:5911: ./conftest
configure:5911: $? = 0
configure:5928: result: yes
configure:5947: checking whether stat accepts an empty string
configure:5967: gcc -o conftest -g -O2   conftest.c -lz -lrpcsvc -lbsd -lXext -lX11  >&5
configure:5967: $? = 0
configure:5967: ./conftest
configure:5967: $? = 0
configure:5977: result: no
configure:5993: checking for working strcoll
configure:6014: gcc -o conftest -g -O2   conftest.c -lz -lrpcsvc -lbsd -lXext -lX11  >&5
configure:6014: $? = 0
configure:6014: ./conftest
configure:6014: $? = 0
configure:6024: result: yes
configure:6034: checking for strftime
configure:6034: gcc -o conftest -g -O2   conftest.c -lz -lrpcsvc -lbsd -lXext -lX11  >&5
conftest.c:84: warning: conflicting types for built-in function 'strftime'
configure:6034: $? = 0
configure:6034: result: yes
configure:6089: checking for vprintf
configure:6089: gcc -o conftest -g -O2   conftest.c -lz -lrpcsvc -lbsd -lXext -lX11  >&5
conftest.c:85: warning: conflicting types for built-in function 'vprintf'
configure:6089: $? = 0
configure:6089: result: yes
configure:6095: checking for _doprnt
configure:6095: gcc -o conftest -g -O2   conftest.c -lz -lrpcsvc -lbsd -lXext -lX11  >&5
/tmp/cc6KfYZD.o: In function `main':
/home/blubaron/zpa/conftest.c:97: undefined reference to `_doprnt'
collect2: ld returned 1 exit status
configure:6095: $? = 1
configure: failed program was:
| /* confdefs.h */
| #define PACKAGE_NAME "Zangband"
| #define PACKAGE_TARNAME "zangband"
| #define PACKAGE_VERSION "0.3.3"
| #define PACKAGE_STRING "Zangband 0.3.3"
| #define PACKAGE_BUGREPORT "bugs@zangband.org"
| #define PACKAGE_URL ""
| #define USE_X11 1
| #define USE_XPJ 1
| #define HAVE_LIBXEXT 1
| #define STDC_HEADERS 1
| #define HAVE_SYS_TYPES_H 1
| #define HAVE_SYS_STAT_H 1
| #define HAVE_STDLIB_H 1
| #define HAVE_STRING_H 1
| #define HAVE_MEMORY_H 1
| #define HAVE_STRINGS_H 1
| #define HAVE_INTTYPES_H 1
| #define HAVE_STDINT_H 1
| #define HAVE_UNISTD_H 1
| #define USE_64B 1
| #define HAVE_LIBBSD 1
| #define HAVE_LIBRPCSVC 1
| #define HAVE_LIBZ 1
| #define STDC_HEADERS 1
| #define HAVE_FCNTL_H 1
| #define HAVE_LIMITS_H 1
| #define HAVE_LOCALE_H 1
| #define HAVE_MEMORY_H 1
| #define HAVE_NETDB_H 1
| #define HAVE_STDDEF_H 1
| #define HAVE_STDINT_H 1
| #define HAVE_STDLIB_H 1
| #define HAVE_STRING_H 1
| #define HAVE_SYS_FILE_H 1
| #define HAVE_SYS_IOCTL_H 1
| #define HAVE_SYS_PARAM_H 1
| #define HAVE_SYS_TIME_H 1
| #define HAVE_SYS_TIMEB_H 1
| #define HAVE_TERMIO_H 1
| #define HAVE_UNISTD_H 1
| #define HAVE_SYS_IPC_H 1
| #define HAVE_SYS_SHM_H 1
| #define HAVE_TERMIOS_H 1
| #define USE_VCS 1
| #define TIME_WITH_SYS_TIME 1
| #define SIZEOF_LONG_INT 4
| #define HAVE_STDLIB_H 1
| #define HAVE_MALLOC 1
| #define HAVE_STDLIB_H 1
| #define HAVE_REALLOC 1
| #define HAVE_SYS_SELECT_H 1
| #define HAVE_SYS_SOCKET_H 1
| #define SELECT_TYPE_ARG1 int
| #define SELECT_TYPE_ARG234 (fd_set *)
| #define SELECT_TYPE_ARG5 (struct timeval *)
| #define RETSIGTYPE void
| #define LSTAT_FOLLOWS_SLASHED_SYMLINK 1
| #define HAVE_STRCOLL 1
| #define HAVE_STRFTIME 1
| #define HAVE_VPRINTF 1
| /* end confdefs.h.  */
| /* Define _doprnt to an innocuous variant, in case <limits.h> declares _doprnt.
|    For example, HP-UX 11i <limits.h> declares gettimeofday.  */
| #define _doprnt innocuous__doprnt
| 
| /* System header to define __stub macros and hopefully few prototypes,
|     which can conflict with char _doprnt (); below.
|     Prefer <limits.h> to <assert.h> if __STDC__ is defined, since
|     <limits.h> exists even on freestanding compilers.  */
| 
| #ifdef __STDC__
| # include <limits.h>
| #else
| # include <assert.h>
| #endif
| 
| #undef _doprnt
| 
| /* Override any GCC internal prototype to avoid an error.
|    Use char because int might match the return type of a GCC
|    builtin and then its argument prototype would still apply.  */
| #ifdef __cplusplus
| extern "C"
| #endif
| char _doprnt ();
| /* The GNU C library defines this for functions which it implements
|     to always fail with ENOSYS.  Some functions are actually named
|     something starting with __ and the normal name is an alias.  */
| #if defined __stub__doprnt || defined __stub____doprnt
| choke me
| #endif
| 
| int
| main ()
| {
| return _doprnt ();
|   ;
|   return 0;
| }
configure:6095: result: no
configure:6112: checking for stdlib.h
configure:6112: result: yes
configure:6112: checking for unistd.h
configure:6112: result: yes
configure:6112: checking for sys/param.h
configure:6112: result: yes
configure:6133: checking for getpagesize
configure:6133: gcc -o conftest -g -O2   conftest.c -lz -lrpcsvc -lbsd -lXext -lX11  >&5
configure:6133: $? = 0
configure:6133: result: yes
configure:6142: checking for working mmap
configure:6289: gcc -o conftest -g -O2   conftest.c -lz -lrpcsvc -lbsd -lXext -lX11  >&5
configure:6289: $? = 0
configure:6289: ./conftest
configure:6289: $? = 0
configure:6299: result: yes
configure:6311: checking for floor
configure:6311: gcc -o conftest -g -O2   conftest.c -lz -lrpcsvc -lbsd -lXext -lX11  >&5
conftest.c:91: warning: conflicting types for built-in function 'floor'
/tmp/ccj1Zmv9.o: In function `main':
/home/blubaron/zpa/conftest.c:102: undefined reference to `floor'
collect2: ld returned 1 exit status
configure:6311: $? = 1
configure: failed program was:
| /* confdefs.h */
| #define PACKAGE_NAME "Zangband"
| #define PACKAGE_TARNAME "zangband"
| #define PACKAGE_VERSION "0.3.3"
| #define PACKAGE_STRING "Zangband 0.3.3"
| #define PACKAGE_BUGREPORT "bugs@zangband.org"
| #define PACKAGE_URL ""
| #define USE_X11 1
| #define USE_XPJ 1
| #define HAVE_LIBXEXT 1
| #define STDC_HEADERS 1
| #define HAVE_SYS_TYPES_H 1
| #define HAVE_SYS_STAT_H 1
| #define HAVE_STDLIB_H 1
| #define HAVE_STRING_H 1
| #define HAVE_MEMORY_H 1
| #define HAVE_STRINGS_H 1
| #define HAVE_INTTYPES_H 1
| #define HAVE_STDINT_H 1
| #define HAVE_UNISTD_H 1
| #define USE_64B 1
| #define HAVE_LIBBSD 1
| #define HAVE_LIBRPCSVC 1
| #define HAVE_LIBZ 1
| #define STDC_HEADERS 1
| #define HAVE_FCNTL_H 1
| #define HAVE_LIMITS_H 1
| #define HAVE_LOCALE_H 1
| #define HAVE_MEMORY_H 1
| #define HAVE_NETDB_H 1
| #define HAVE_STDDEF_H 1
| #define HAVE_STDINT_H 1
| #define HAVE_STDLIB_H 1
| #define HAVE_STRING_H 1
| #define HAVE_SYS_FILE_H 1
| #define HAVE_SYS_IOCTL_H 1
| #define HAVE_SYS_PARAM_H 1
| #define HAVE_SYS_TIME_H 1
| #define HAVE_SYS_TIMEB_H 1
| #define HAVE_TERMIO_H 1
| #define HAVE_UNISTD_H 1
| #define HAVE_SYS_IPC_H 1
| #define HAVE_SYS_SHM_H 1
| #define HAVE_TERMIOS_H 1
| #define USE_VCS 1
| #define TIME_WITH_SYS_TIME 1
| #define SIZEOF_LONG_INT 4
| #define HAVE_STDLIB_H 1
| #define HAVE_MALLOC 1
| #define HAVE_STDLIB_H 1
| #define HAVE_REALLOC 1
| #define HAVE_SYS_SELECT_H 1
| #define HAVE_SYS_SOCKET_H 1
| #define SELECT_TYPE_ARG1 int
| #define SELECT_TYPE_ARG234 (fd_set *)
| #define SELECT_TYPE_ARG5 (struct timeval *)
| #define RETSIGTYPE void
| #define LSTAT_FOLLOWS_SLASHED_SYMLINK 1
| #define HAVE_STRCOLL 1
| #define HAVE_STRFTIME 1
| #define HAVE_VPRINTF 1
| #define HAVE_STDLIB_H 1
| #define HAVE_UNISTD_H 1
| #define HAVE_SYS_PARAM_H 1
| #define HAVE_GETPAGESIZE 1
| #define HAVE_MMAP 1
| /* end confdefs.h.  */
| /* Define floor to an innocuous variant, in case <limits.h> declares floor.
|    For example, HP-UX 11i <limits.h> declares gettimeofday.  */
| #define floor innocuous_floor
| 
| /* System header to define __stub macros and hopefully few prototypes,
|     which can conflict with char floor (); below.
|     Prefer <limits.h> to <assert.h> if __STDC__ is defined, since
|     <limits.h> exists even on freestanding compilers.  */
| 
| #ifdef __STDC__
| # include <limits.h>
| #else
| # include <assert.h>
| #endif
| 
| #undef floor
| 
| /* Override any GCC internal prototype to avoid an error.
|    Use char because int might match the return type of a GCC
|    builtin and then its argument prototype would still apply.  */
| #ifdef __cplusplus
| extern "C"
| #endif
| char floor ();
| /* The GNU C library defines this for functions which it implements
|     to always fail with ENOSYS.  Some functions are actually named
|     something starting with __ and the normal name is an alias.  */
| #if defined __stub_floor || defined __stub___floor
| choke me
| #endif
| 
| int
| main ()
| {
| return floor ();
|   ;
|   return 0;
| }
configure:6311: result: no
configure:6311: checking for ftruncate
configure:6311: gcc -o conftest -g -O2   conftest.c -lz -lrpcsvc -lbsd -lXext -lX11  >&5
configure:6311: $? = 0
configure:6311: result: yes
configure:6311: checking for gethostname
configure:6311: gcc -o conftest -g -O2   conftest.c -lz -lrpcsvc -lbsd -lXext -lX11  >&5
configure:6311: $? = 0
configure:6311: result: yes
configure:6311: checking for memchr
configure:6311: gcc -o conftest -g -O2   conftest.c -lz -lrpcsvc -lbsd -lXext -lX11  >&5
conftest.c:93: warning: conflicting types for built-in function 'memchr'
configure:6311: $? = 0
configure:6311: result: yes
configure:6311: checking for memmove
configure:6311: gcc -o conftest -g -O2   conftest.c -lz -lrpcsvc -lbsd -lXext -lX11  >&5
conftest.c:94: warning: conflicting types for built-in function 'memmove'
configure:6311: $? = 0
configure:6311: result: yes
configure:6311: checking for memset
configure:6311: gcc -o conftest -g -O2   conftest.c -lz -lrpcsvc -lbsd -lXext -lX11  >&5
conftest.c:95: warning: conflicting types for built-in function 'memset'
configure:6311: $? = 0
configure:6311: result: yes
configure:6311: checking for mkdir
configure:6311: gcc -o conftest -g -O2   conftest.c -lz -lrpcsvc -lbsd -lXext -lX11  >&5
configure:6311: $? = 0
configure:6311: result: yes
configure:6311: checking for modf
configure:6311: gcc -o conftest -g -O2   conftest.c -lz -lrpcsvc -lbsd -lXext -lX11  >&5
conftest.c:97: warning: conflicting types for built-in function 'modf'
configure:6311: $? = 0
configure:6311: result: yes
configure:6311: checking for select
configure:6311: gcc -o conftest -g -O2   conftest.c -lz -lrpcsvc -lbsd -lXext -lX11  >&5
configure:6311: $? = 0
configure:6311: result: yes
configure:6311: checking for setlocale
configure:6311: gcc -o conftest -g -O2   conftest.c -lz -lrpcsvc -lbsd -lXext -lX11  >&5
configure:6311: $? = 0
configure:6311: result: yes
configure:6311: checking for strchr
configure:6311: gcc -o conftest -g -O2   conftest.c -lz -lrpcsvc -lbsd -lXext -lX11  >&5
conftest.c:100: warning: conflicting types for built-in function 'strchr'
configure:6311: $? = 0
configure:6311: result: yes
configure:6311: checking for strcspn
configure:6311: gcc -o conftest -g -O2   conftest.c -lz -lrpcsvc -lbsd -lXext -lX11  >&5
conftest.c:101: warning: conflicting types for built-in function 'strcspn'
configure:6311: $? = 0
configure:6311: result: yes
configure:6311: checking for strdup
configure:6311: gcc -o conftest -g -O2   conftest.c -lz -lrpcsvc -lbsd -lXext -lX11  >&5
conftest.c:102: warning: conflicting types for built-in function 'strdup'
configure:6311: $? = 0
configure:6311: result: yes
configure:6311: checking for strerror
configure:6311: gcc -o conftest -g -O2   conftest.c -lz -lrpcsvc -lbsd -lXext -lX11  >&5
configure:6311: $? = 0
configure:6311: result: yes
configure:6311: checking for strpbrk
configure:6311: gcc -o conftest -g -O2   conftest.c -lz -lrpcsvc -lbsd -lXext -lX11  >&5
conftest.c:104: warning: conflicting types for built-in function 'strpbrk'
configure:6311: $? = 0
configure:6311: result: yes
configure:6311: checking for strrchr
configure:6311: gcc -o conftest -g -O2   conftest.c -lz -lrpcsvc -lbsd -lXext -lX11  >&5
conftest.c:105: warning: conflicting types for built-in function 'strrchr'
configure:6311: $? = 0
configure:6311: result: yes
configure:6311: checking for strstr
configure:6311: gcc -o conftest -g -O2   conftest.c -lz -lrpcsvc -lbsd -lXext -lX11  >&5
conftest.c:106: warning: conflicting types for built-in function 'strstr'
configure:6311: $? = 0
configure:6311: result: yes
configure:6311: checking for strtol
configure:6311: gcc -o conftest -g -O2   conftest.c -lz -lrpcsvc -lbsd -lXext -lX11  >&5
configure:6311: $? = 0
configure:6311: result: yes
configure:6311: checking for strtoul
configure:6311: gcc -o conftest -g -O2   conftest.c -lz -lrpcsvc -lbsd -lXext -lX11  >&5
configure:6311: $? = 0
configure:6311: result: yes
configure:6325: checking for Tk_SetClassProcs
configure:6325: gcc -o conftest -g -O2   conftest.c -lz -lrpcsvc -lbsd -lXext -lX11  >&5
/tmp/ccF7mP2z.o: In function `main':
/home/blubaron/zpa/conftest.c:120: undefined reference to `Tk_SetClassProcs'
collect2: ld returned 1 exit status
configure:6325: $? = 1
configure: failed program was:
| /* confdefs.h */
| #define PACKAGE_NAME "Zangband"
| #define PACKAGE_TARNAME "zangband"
| #define PACKAGE_VERSION "0.3.3"
| #define PACKAGE_STRING "Zangband 0.3.3"
| #define PACKAGE_BUGREPORT "bugs@zangband.org"
| #define PACKAGE_URL ""
| #define USE_X11 1
| #define USE_XPJ 1
| #define HAVE_LIBXEXT 1
| #define STDC_HEADERS 1
| #define HAVE_SYS_TYPES_H 1
| #define HAVE_SYS_STAT_H 1
| #define HAVE_STDLIB_H 1
| #define HAVE_STRING_H 1
| #define HAVE_MEMORY_H 1
| #define HAVE_STRINGS_H 1
| #define HAVE_INTTYPES_H 1
| #define HAVE_STDINT_H 1
| #define HAVE_UNISTD_H 1
| #define USE_64B 1
| #define HAVE_LIBBSD 1
| #define HAVE_LIBRPCSVC 1
| #define HAVE_LIBZ 1
| #define STDC_HEADERS 1
| #define HAVE_FCNTL_H 1
| #define HAVE_LIMITS_H 1
| #define HAVE_LOCALE_H 1
| #define HAVE_MEMORY_H 1
| #define HAVE_NETDB_H 1
| #define HAVE_STDDEF_H 1
| #define HAVE_STDINT_H 1
| #define HAVE_STDLIB_H 1
| #define HAVE_STRING_H 1
| #define HAVE_SYS_FILE_H 1
| #define HAVE_SYS_IOCTL_H 1
| #define HAVE_SYS_PARAM_H 1
| #define HAVE_SYS_TIME_H 1
| #define HAVE_SYS_TIMEB_H 1
| #define HAVE_TERMIO_H 1
| #define HAVE_UNISTD_H 1
| #define HAVE_SYS_IPC_H 1
| #define HAVE_SYS_SHM_H 1
| #define HAVE_TERMIOS_H 1
| #define USE_VCS 1
| #define TIME_WITH_SYS_TIME 1
| #define SIZEOF_LONG_INT 4
| #define HAVE_STDLIB_H 1
| #define HAVE_MALLOC 1
| #define HAVE_STDLIB_H 1
| #define HAVE_REALLOC 1
| #define HAVE_SYS_SELECT_H 1
| #define HAVE_SYS_SOCKET_H 1
| #define SELECT_TYPE_ARG1 int
| #define SELECT_TYPE_ARG234 (fd_set *)
| #define SELECT_TYPE_ARG5 (struct timeval *)
| #define RETSIGTYPE void
| #define LSTAT_FOLLOWS_SLASHED_SYMLINK 1
| #define HAVE_STRCOLL 1
| #define HAVE_STRFTIME 1
| #define HAVE_VPRINTF 1
| #define HAVE_STDLIB_H 1
| #define HAVE_UNISTD_H 1
| #define HAVE_SYS_PARAM_H 1
| #define HAVE_GETPAGESIZE 1
| #define HAVE_MMAP 1
| #define HAVE_FTRUNCATE 1
| #define HAVE_GETHOSTNAME 1
| #define HAVE_MEMCHR 1
| #define HAVE_MEMMOVE 1
| #define HAVE_MEMSET 1
| #define HAVE_MKDIR 1
| #define HAVE_MODF 1
| #define HAVE_SELECT 1
| #define HAVE_SETLOCALE 1
| #define HAVE_STRCHR 1
| #define HAVE_STRCSPN 1
| #define HAVE_STRDUP 1
| #define HAVE_STRERROR 1
| #define HAVE_STRPBRK 1
| #define HAVE_STRRCHR 1
| #define HAVE_STRSTR 1
| #define HAVE_STRTOL 1
| #define HAVE_STRTOUL 1
| /* end confdefs.h.  */
| /* Define Tk_SetClassProcs to an innocuous variant, in case <limits.h> declares Tk_SetClassProcs.
|    For example, HP-UX 11i <limits.h> declares gettimeofday.  */
| #define Tk_SetClassProcs innocuous_Tk_SetClassProcs
| 
| /* System header to define __stub macros and hopefully few prototypes,
|     which can conflict with char Tk_SetClassProcs (); below.
|     Prefer <limits.h> to <assert.h> if __STDC__ is defined, since
|     <limits.h> exists even on freestanding compilers.  */
| 
| #ifdef __STDC__
| # include <limits.h>
| #else
| # include <assert.h>
| #endif
| 
| #undef Tk_SetClassProcs
| 
| /* Override any GCC internal prototype to avoid an error.
|    Use char because int might match the return type of a GCC
|    builtin and then its argument prototype would still apply.  */
| #ifdef __cplusplus
| extern "C"
| #endif
| char Tk_SetClassProcs ();
| /* The GNU C library defines this for functions which it implements
|     to always fail with ENOSYS.  Some functions are actually named
|     something starting with __ and the normal name is an alias.  */
| #if defined __stub_Tk_SetClassProcs || defined __stub___Tk_SetClassProcs
| choke me
| #endif
| 
| int
| main ()
| {
| return Tk_SetClassProcs ();
|   ;
|   return 0;
| }
configure:6325: result: no
configure:6325: checking for TkpSync
configure:6325: gcc -o conftest -g -O2   conftest.c -lz -lrpcsvc -lbsd -lXext -lX11  >&5
/tmp/ccT1Ct2N.o: In function `main':
/home/blubaron/zpa/conftest.c:120: undefined reference to `TkpSync'
collect2: ld returned 1 exit status
configure:6325: $? = 1
configure: failed program was:
| /* confdefs.h */
| #define PACKAGE_NAME "Zangband"
| #define PACKAGE_TARNAME "zangband"
| #define PACKAGE_VERSION "0.3.3"
| #define PACKAGE_STRING "Zangband 0.3.3"
| #define PACKAGE_BUGREPORT "bugs@zangband.org"
| #define PACKAGE_URL ""
| #define USE_X11 1
| #define USE_XPJ 1
| #define HAVE_LIBXEXT 1
| #define STDC_HEADERS 1
| #define HAVE_SYS_TYPES_H 1
| #define HAVE_SYS_STAT_H 1
| #define HAVE_STDLIB_H 1
| #define HAVE_STRING_H 1
| #define HAVE_MEMORY_H 1
| #define HAVE_STRINGS_H 1
| #define HAVE_INTTYPES_H 1
| #define HAVE_STDINT_H 1
| #define HAVE_UNISTD_H 1
| #define USE_64B 1
| #define HAVE_LIBBSD 1
| #define HAVE_LIBRPCSVC 1
| #define HAVE_LIBZ 1
| #define STDC_HEADERS 1
| #define HAVE_FCNTL_H 1
| #define HAVE_LIMITS_H 1
| #define HAVE_LOCALE_H 1
| #define HAVE_MEMORY_H 1
| #define HAVE_NETDB_H 1
| #define HAVE_STDDEF_H 1
| #define HAVE_STDINT_H 1
| #define HAVE_STDLIB_H 1
| #define HAVE_STRING_H 1
| #define HAVE_SYS_FILE_H 1
| #define HAVE_SYS_IOCTL_H 1
| #define HAVE_SYS_PARAM_H 1
| #define HAVE_SYS_TIME_H 1
| #define HAVE_SYS_TIMEB_H 1
| #define HAVE_TERMIO_H 1
| #define HAVE_UNISTD_H 1
| #define HAVE_SYS_IPC_H 1
| #define HAVE_SYS_SHM_H 1
| #define HAVE_TERMIOS_H 1
| #define USE_VCS 1
| #define TIME_WITH_SYS_TIME 1
| #define SIZEOF_LONG_INT 4
| #define HAVE_STDLIB_H 1
| #define HAVE_MALLOC 1
| #define HAVE_STDLIB_H 1
| #define HAVE_REALLOC 1
| #define HAVE_SYS_SELECT_H 1
| #define HAVE_SYS_SOCKET_H 1
| #define SELECT_TYPE_ARG1 int
| #define SELECT_TYPE_ARG234 (fd_set *)
| #define SELECT_TYPE_ARG5 (struct timeval *)
| #define RETSIGTYPE void
| #define LSTAT_FOLLOWS_SLASHED_SYMLINK 1
| #define HAVE_STRCOLL 1
| #define HAVE_STRFTIME 1
| #define HAVE_VPRINTF 1
| #define HAVE_STDLIB_H 1
| #define HAVE_UNISTD_H 1
| #define HAVE_SYS_PARAM_H 1
| #define HAVE_GETPAGESIZE 1
| #define HAVE_MMAP 1
| #define HAVE_FTRUNCATE 1
| #define HAVE_GETHOSTNAME 1
| #define HAVE_MEMCHR 1
| #define HAVE_MEMMOVE 1
| #define HAVE_MEMSET 1
| #define HAVE_MKDIR 1
| #define HAVE_MODF 1
| #define HAVE_SELECT 1
| #define HAVE_SETLOCALE 1
| #define HAVE_STRCHR 1
| #define HAVE_STRCSPN 1
| #define HAVE_STRDUP 1
| #define HAVE_STRERROR 1
| #define HAVE_STRPBRK 1
| #define HAVE_STRRCHR 1
| #define HAVE_STRSTR 1
| #define HAVE_STRTOL 1
| #define HAVE_STRTOUL 1
| /* end confdefs.h.  */
| /* Define TkpSync to an innocuous variant, in case <limits.h> declares TkpSync.
|    For example, HP-UX 11i <limits.h> declares gettimeofday.  */
| #define TkpSync innocuous_TkpSync
| 
| /* System header to define __stub macros and hopefully few prototypes,
|     which can conflict with char TkpSync (); below.
|     Prefer <limits.h> to <assert.h> if __STDC__ is defined, since
|     <limits.h> exists even on freestanding compilers.  */
| 
| #ifdef __STDC__
| # include <limits.h>
| #else
| # include <assert.h>
| #endif
| 
| #undef TkpSync
| 
| /* Override any GCC internal prototype to avoid an error.
|    Use char because int might match the return type of a GCC
|    builtin and then its argument prototype would still apply.  */
| #ifdef __cplusplus
| extern "C"
| #endif
| char TkpSync ();
| /* The GNU C library defines this for functions which it implements
|     to always fail with ENOSYS.  Some functions are actually named
|     something starting with __ and the normal name is an alias.  */
| #if defined __stub_TkpSync || defined __stub___TkpSync
| choke me
| #endif
| 
| int
| main ()
| {
| return TkpSync ();
|   ;
|   return 0;
| }
configure:6325: result: no
configure:6338: checking for mkstemp
configure:6338: gcc -o conftest -g -O2   conftest.c -lz -lrpcsvc -lbsd -lXext -lX11  >&5
configure:6338: $? = 0
configure:6338: result: yes
configure:6338: checking for usleep
configure:6338: gcc -o conftest -g -O2   conftest.c -lz -lrpcsvc -lbsd -lXext -lX11  >&5
configure:6338: $? = 0
configure:6338: result: yes
configure:6338: checking for getpwuid
configure:6338: gcc -o conftest -g -O2   conftest.c -lz -lrpcsvc -lbsd -lXext -lX11  >&5
configure:6338: $? = 0
configure:6338: result: yes
configure:6338: checking for getpwnam
configure:6338: gcc -o conftest -g -O2   conftest.c -lz -lrpcsvc -lbsd -lXext -lX11  >&5
configure:6338: $? = 0
configure:6338: result: yes
configure:6338: checking for shmget
configure:6338: gcc -o conftest -g -O2   conftest.c -lz -lrpcsvc -lbsd -lXext -lX11  >&5
configure:6338: $? = 0
configure:6338: result: yes
configure:6352: checking whether gcc accepts -pedantic
configure:6365: result: yes
configure:6372: checking whether gcc accepts -W
configure:6385: result: yes
configure:6392: checking whether gcc accepts -Wall
configure:6405: result: yes
configure:6412: checking whether gcc accepts -Wmissing-prototypes
configure:6425: result: yes
configure:6432: checking whether gcc accepts -Wmissing-declarations
configure:6445: result: yes
configure:6452: checking whether gcc accepts -Wno-long-long
configure:6465: result: yes
configure:6472: checking whether gcc accepts -Wwrite-strings
configure:6485: result: yes
configure:6492: checking whether gcc accepts -Wpointer-arith
configure:6505: result: yes
configure:6512: checking whether gcc accepts -Wbad-function-cast
configure:6525: result: yes
configure:6532: checking whether gcc accepts -Waggregate-return
configure:6545: result: yes
configure:6552: checking whether gcc accepts -Wstrict-prototypes
configure:6565: result: yes
configure:6572: checking whether gcc accepts -Wredundant-decls
configure:6585: result: yes
configure:6592: checking whether gcc accepts -Wchar-subscripts
configure:6605: result: yes
configure:6612: checking whether gcc accepts -Wimplicit
configure:6625: result: yes
configure:6632: checking whether gcc accepts -Wparentheses
configure:6645: result: yes
configure:6652: checking whether gcc accepts -Wsequence-point
configure:6665: result: yes
configure:6672: checking whether gcc accepts -Wreturn-type
configure:6685: result: yes
configure:6692: checking whether gcc accepts -Wswitch
configure:6705: result: yes
configure:6712: checking whether gcc accepts -Wunused
configure:6725: result: yes
configure:6732: checking whether gcc accepts -Wuninitialized
configure:6745: result: yes
configure:6752: checking whether gcc accepts -Wundef
configure:6765: result: yes
configure:6772: checking whether gcc accepts -Wnested-externs
configure:6785: result: yes
configure:6792: checking whether gcc accepts -Wdeclaration-after-statement
configure:6805: result: yes
configure:6812: checking whether gcc accepts -Wsign-compare
configure:6825: result: yes
configure:6937: creating ./config.status

## ---------------- ##
## Cache variables. ##
## ---------------- ##

ac_cv_c_compiler_gnu=yes
ac_cv_c_const=yes
ac_cv_env_CC_set=
ac_cv_env_CC_value=
ac_cv_env_CFLAGS_set=
ac_cv_env_CFLAGS_value=
ac_cv_env_CPPFLAGS_set=
ac_cv_env_CPPFLAGS_value=
ac_cv_env_CPP_set=
ac_cv_env_CPP_value=
ac_cv_env_LDFLAGS_set=
ac_cv_env_LDFLAGS_value=
ac_cv_env_LIBS_set=
ac_cv_env_LIBS_value=
ac_cv_env_XMKMF_set=
ac_cv_env_XMKMF_value=
ac_cv_env_build_alias_set=
ac_cv_env_build_alias_value=
ac_cv_env_host_alias_set=
ac_cv_env_host_alias_value=
ac_cv_env_target_alias_set=
ac_cv_env_target_alias_value=
ac_cv_func_Tk_SetClassProcs=no
ac_cv_func_TkpSync=no
ac_cv_func__doprnt=no
ac_cv_func_floor=no
ac_cv_func_ftruncate=yes
ac_cv_func_gethostname=yes
ac_cv_func_getpagesize=yes
ac_cv_func_getpwnam=yes
ac_cv_func_getpwuid=yes
ac_cv_func_lstat_dereferences_slashed_symlink=yes
ac_cv_func_malloc_0_nonnull=yes
ac_cv_func_memchr=yes
ac_cv_func_memcmp_working=yes
ac_cv_func_memmove=yes
ac_cv_func_memset=yes
ac_cv_func_mkdir=yes
ac_cv_func_mkstemp=yes
ac_cv_func_mmap_fixed_mapped=yes
ac_cv_func_modf=yes
ac_cv_func_realloc_0_nonnull=yes
ac_cv_func_select=yes
ac_cv_func_select_args='int,fd_set *,struct timeval *'
ac_cv_func_setlocale=yes
ac_cv_func_shmget=yes
ac_cv_func_stat_empty_string_bug=no
ac_cv_func_strchr=yes
ac_cv_func_strcoll_works=yes
ac_cv_func_strcspn=yes
ac_cv_func_strdup=yes
ac_cv_func_strerror=yes
ac_cv_func_strftime=yes
ac_cv_func_strpbrk=yes
ac_cv_func_strrchr=yes
ac_cv_func_strstr=yes
ac_cv_func_strtol=yes
ac_cv_func_strtoul=yes
ac_cv_func_usleep=yes
ac_cv_func_vprintf=yes
ac_cv_have_x='have_x=yes	ac_x_includes='\'''\''	ac_x_libraries='\'''\'''
ac_cv_header_fcntl_h=yes
ac_cv_header_inttypes_h=yes
ac_cv_header_limits_h=yes
ac_cv_header_locale_h=yes
ac_cv_header_memory_h=yes
ac_cv_header_netdb_h=yes
ac_cv_header_stdc=yes
ac_cv_header_stddef_h=yes
ac_cv_header_stdint_h=yes
ac_cv_header_stdlib_h=yes
ac_cv_header_string_h=yes
ac_cv_header_strings_h=yes
ac_cv_header_sys_file_h=yes
ac_cv_header_sys_ioctl_h=yes
ac_cv_header_sys_ipc_h=yes
ac_cv_header_sys_param_h=yes
ac_cv_header_sys_select_h=yes
ac_cv_header_sys_shm_h=yes
ac_cv_header_sys_socket_h=yes
ac_cv_header_sys_stat_h=yes
ac_cv_header_sys_time_h=yes
ac_cv_header_sys_timeb_h=yes
ac_cv_header_sys_types_h=yes
ac_cv_header_termio_h=yes
ac_cv_header_termios_h=yes
ac_cv_header_time=yes
ac_cv_header_unistd_h=yes
ac_cv_lib_Gn_main=no
ac_cv_lib_ICE_main=no
ac_cv_lib_SM_main=no
ac_cv_lib_Xext_main=yes
ac_cv_lib_Xm_main=no
ac_cv_lib_Xmu_main=no
ac_cv_lib_Xpm_main=no
ac_cv_lib_Xt_main=no
ac_cv_lib_bsd_main=yes
ac_cv_lib_cposix_main=no
ac_cv_lib_error_at_line=yes
ac_cv_lib_inet_main=no
ac_cv_lib_nsl_s_main=no
ac_cv_lib_rpcsvc_main=yes
ac_cv_lib_sun_main=no
ac_cv_lib_video_main=no
ac_cv_lib_winmm_main=no
ac_cv_lib_z_main=yes
ac_cv_objext=o
ac_cv_path_EGREP='/bin/grep -E'
ac_cv_path_GREP=/bin/grep
ac_cv_prog_CPP='gcc -E'
ac_cv_prog_ac_ct_CC=gcc
ac_cv_prog_cc_c89=
ac_cv_prog_cc_g=yes
ac_cv_prog_gcc_traditional=no
ac_cv_search_Tcl_Init=no
ac_cv_search_XCreateImage=-lX11
ac_cv_search_XawInitializeWidgetSet=no
ac_cv_search_gtk_init_check=no
ac_cv_search_initscr=no
ac_cv_search_tgetent=no
ac_cv_sizeof_long_int=4
ac_cv_struct_tm=time.h
ac_cv_type_signal=void
ac_cv_type_size_t=yes
zangband_cv_cflag__W=yes
zangband_cv_cflag__Waggregate_return=yes
zangband_cv_cflag__Wall=yes
zangband_cv_cflag__Wbad_function_cast=yes
zangband_cv_cflag__Wchar_subscripts=yes
zangband_cv_cflag__Wdeclaration_after_statement=yes
zangband_cv_cflag__Wimplicit=yes
zangband_cv_cflag__Wmissing_declarations=yes
zangband_cv_cflag__Wmissing_prototypes=yes
zangband_cv_cflag__Wnested_externs=yes
zangband_cv_cflag__Wno_long_long=yes
zangband_cv_cflag__Wparentheses=yes
zangband_cv_cflag__Wpointer_arith=yes
zangband_cv_cflag__Wredundant_decls=yes
zangband_cv_cflag__Wreturn_type=yes
zangband_cv_cflag__Wsequence_point=yes
zangband_cv_cflag__Wsign_compare=yes
zangband_cv_cflag__Wstrict_prototypes=yes
zangband_cv_cflag__Wswitch=yes
zangband_cv_cflag__Wundef=yes
zangband_cv_cflag__Wuninitialized=yes
zangband_cv_cflag__Wunused=yes
zangband_cv_cflag__Wwrite_strings=yes
zangband_cv_cflag__pedantic=yes

## ----------------- ##
## Output variables. ##
## ----------------- ##

CC='gcc'
CFLAGS='-Wsign-compare -Wdeclaration-after-statement -Wnested-externs -Wundef -Wuninitialized -Wunused -Wswitch -Wreturn-type -Wsequence-point -Wparentheses -Wimplicit -Wchar-subscripts -Wredundant-decls -Wstrict-prototypes -Waggregate-return -Wbad-function-cast -Wpointer-arith -Wwrite-strings -Wno-long-long -Wmissing-declarations -Wmissing-prototypes -Wall -W -pedantic -g -O2'
CPP='gcc -E'
CPPFLAGS=''
DEFS='-DHAVE_CONFIG_H'
ECHO_C=''
ECHO_N='-n'
ECHO_T=''
EGREP='/bin/grep -E'
EXEEXT=''
GAMEGROUP='games'
GREP='/bin/grep'
GTK_CONFIG='no'
LDFLAGS=''
LIBOBJS=''
LIBS='-lz -lrpcsvc -lbsd -lXext -lX11 '
LTLIBOBJS=''
OBJEXT='o'
PACKAGE_BUGREPORT='bugs@zangband.org'
PACKAGE_NAME='Zangband'
PACKAGE_STRING='Zangband 0.3.3'
PACKAGE_TARNAME='zangband'
PACKAGE_URL=''
PACKAGE_VERSION='0.3.3'
PATH_SEPARATOR=':'
SHELL='/bin/sh'
TK_PORT=''
XMKMF=''
ac_ct_CC='gcc'
bindir='${exec_prefix}/bin'
build_alias=''
cygwin=''
datadir='${datarootdir}'
datarootdir='${prefix}/share'
docdir='${datarootdir}/doc/${PACKAGE_TARNAME}'
dvidir='${docdir}'
exec_prefix='${prefix}'
host_alias=''
htmldir='${docdir}'
includedir='${prefix}/include'
infodir='${datarootdir}/info'
libdir='${exec_prefix}/lib'
libexecdir='${exec_prefix}/libexec'
localedir='${datarootdir}/locale'
localstatedir='${prefix}/var'
mandir='${datarootdir}/man'
oldincludedir='/usr/include'
pdfdir='${docdir}'
prefix='/usr/local'
program_transform_name='s,x,x,'
psdir='${docdir}'
sbindir='${exec_prefix}/sbin'
sharedstatedir='${prefix}/com'
sysconfdir='${prefix}/etc'
target_alias=''

## ----------- ##
## confdefs.h. ##
## ----------- ##

/* confdefs.h */
#define PACKAGE_NAME "Zangband"
#define PACKAGE_TARNAME "zangband"
#define PACKAGE_VERSION "0.3.3"
#define PACKAGE_STRING "Zangband 0.3.3"
#define PACKAGE_BUGREPORT "bugs@zangband.org"
#define PACKAGE_URL ""
#define USE_X11 1
#define USE_XPJ 1
#define HAVE_LIBXEXT 1
#define STDC_HEADERS 1
#define HAVE_SYS_TYPES_H 1
#define HAVE_SYS_STAT_H 1
#define HAVE_STDLIB_H 1
#define HAVE_STRING_H 1
#define HAVE_MEMORY_H 1
#define HAVE_STRINGS_H 1
#define HAVE_INTTYPES_H 1
#define HAVE_STDINT_H 1
#define HAVE_UNISTD_H 1
#define USE_64B 1
#define HAVE_LIBBSD 1
#define HAVE_LIBRPCSVC 1
#define HAVE_LIBZ 1
#define STDC_HEADERS 1
#define HAVE_FCNTL_H 1
#define HAVE_LIMITS_H 1
#define HAVE_LOCALE_H 1
#define HAVE_MEMORY_H 1
#define HAVE_NETDB_H 1
#define HAVE_STDDEF_H 1
#define HAVE_STDINT_H 1
#define HAVE_STDLIB_H 1
#define HAVE_STRING_H 1
#define HAVE_SYS_FILE_H 1
#define HAVE_SYS_IOCTL_H 1
#define HAVE_SYS_PARAM_H 1
#define HAVE_SYS_TIME_H 1
#define HAVE_SYS_TIMEB_H 1
#define HAVE_TERMIO_H 1
#define HAVE_UNISTD_H 1
#define HAVE_SYS_IPC_H 1
#define HAVE_SYS_SHM_H 1
#define HAVE_TERMIOS_H 1
#define USE_VCS 1
#define TIME_WITH_SYS_TIME 1
#define SIZEOF_LONG_INT 4
#define HAVE_STDLIB_H 1
#define HAVE_MALLOC 1
#define HAVE_STDLIB_H 1
#define HAVE_REALLOC 1
#define HAVE_SYS_SELECT_H 1
#define HAVE_SYS_SOCKET_H 1
#define SELECT_TYPE_ARG1 int
#define SELECT_TYPE_ARG234 (fd_set *)
#define SELECT_TYPE_ARG5 (struct timeval *)
#define RETSIGTYPE void
#define LSTAT_FOLLOWS_SLASHED_SYMLINK 1
#define HAVE_STRCOLL 1
#define HAVE_STRFTIME 1
#define HAVE_VPRINTF 1
#define HAVE_STDLIB_H 1
#define HAVE_UNISTD_H 1
#define HAVE_SYS_PARAM_H 1
#define HAVE_GETPAGESIZE 1
#define HAVE_MMAP 1
#define HAVE_FTRUNCATE 1
#define HAVE_GETHOSTNAME 1
#define HAVE_MEMCHR 1
#define HAVE_MEMMOVE 1
#define HAVE_MEMSET 1
#define HAVE_MKDIR 1
#define HAVE_MODF 1
#define HAVE_SELECT 1
#define HAVE_SETLOCALE 1
#define HAVE_STRCHR 1
#define HAVE_STRCSPN 1
#define HAVE_STRDUP 1
#define HAVE_STRERROR 1
#define HAVE_STRPBRK 1
#define HAVE_STRRCHR 1
#define HAVE_STRSTR 1
#define HAVE_STRTOL 1
#define HAVE_STRTOUL 1
#define HAVE_MKSTEMP 1
#define HAVE_USLEEP 1
#define HAVE_GETPWUID 1
#define HAVE_GETPWNAM 1
#define HAVE_SHMGET 1

configure: exit 0

## ---------------------- ##
## Running config.status. ##
## ---------------------- ##

This file was extended by Zangband config.status 0.3.3, which was
generated by GNU Autoconf 2.65.  Invocation command line was

  CONFIG_FILES    = 
  CONFIG_HEADERS  = 
  CONFIG_LINKS    = 
  CONFIG_COMMANDS = 
  $ ./config.status 

on localhost.localdomain

config.status:879: creating makefile
config.status:978: WARNING:  'makefile.in' seems to ignore the --datarootdir setting
config.status:879: creating src/autoconf.h
config.status:1040: src/autoconf.h is unchanged
